Building DAG of jobs...
Using shell: /usr/bin/bash
Provided cores: 4
Rules claiming more threads will be scaled down.
Job stats:
job                count    min threads    max threads
---------------  -------  -------------  -------------
all                    1              1              1
processing_step        8              1              1
total                  9              1              1

Select jobs to execute...

[Sun Oct 30 15:55:37 2022]
rule processing_step:
    output: SRR628585.fastq
    jobid: 4
    reason: Missing output files: SRR628585.fastq
    wildcards: sample=SRR628585
    resources: tmpdir=/tmp

[Sun Oct 30 15:55:37 2022]
rule processing_step:
    output: SRR628587.fastq
    jobid: 6
    reason: Missing output files: SRR628587.fastq
    wildcards: sample=SRR628587
    resources: tmpdir=/tmp

[Sun Oct 30 15:55:37 2022]
rule processing_step:
    output: SRR628589.fastq
    jobid: 8
    reason: Missing output files: SRR628589.fastq
    wildcards: sample=SRR628589
    resources: tmpdir=/tmp

[Sun Oct 30 15:55:37 2022]
rule processing_step:
    output: SRR628583.fastq
    jobid: 2
    reason: Missing output files: SRR628583.fastq
    wildcards: sample=SRR628583
    resources: tmpdir=/tmp

Shutting down, this might take some time.
Exiting because a job execution failed. Look above for error message
Complete log: .snakemake/log/2022-10-30T155537.366412.snakemake.log
